<?xml version="1.0" encoding="UTF-8"?>
<!-- Generated by org.testng.reporters.JUnitReportReporter -->
<testsuite hostname="WKWEJ009981831" failures="0" tests="1" name="com.challengeapp.runners.TestRunner" time="20.503" errors="0" timestamp="2025-07-14T11:24:54 IST" skipped="0">
  <testcase classname="com.challengeapp.runners.TestRunner" name="runScenario" time="20.503"/>
</testsuite> <!-- com.challengeapp.runners.TestRunner -->
